


ARM Macro Assembler    Page 1 


    1 00000000                 AREA             input_data, DATA, READONLY, ALI
GN=1
    2 00000000         
    3 00000000 00 00 00 
              00 02    message DCB              0,0,0,0,2
    4 00000005 01 01 01 
              02               DCB              1,1,1,2
    5 00000009 00 01 00 
              00 02            DCB              0,1,0,0,2
    6 0000000E 00 01 03        DCB              0,1,3
    7 00000011 01 01 02        DCB              1,1,2
    8 00000014 00 00 01 
              02               DCB              0,0,1,2
    9 00000018 01 00 02        DCB              1,0,2
   10 0000001B 01 00 00 
              02               DCB              1,0,0,2
   11 0000001F 01 01 01 
              03               DCB              1,1,1,3
   12 00000023 00 01 01 
              01 01 02         DCB              0,1,1,1,1,2
   13 00000029 00 00 01 
              01 01 04         DCB              0,0,1,1,1,4
   14 0000002F         
   15 0000002F 64      maxLength
                               DCB              100
   16 00000030         
   17 00000030 04      fineRiga
                               DCB              4
   18 00000031         
   19 00000031 03      spazio  DCB              3
   20 00000032         
   21 00000032 02      fineCarattere
                               DCB              2
   22 00000033         
   23 00000033                 EXPORT           message
   24 00000033                 EXPORT           maxLength
   25 00000033                 EXPORT           fineRiga
   26 00000033                 EXPORT           spazio
   27 00000033                 EXPORT           fineCarattere
   28 00000033         
   29 00000033                 END
Command Line: --debug --xref --diag_suppress=9931 --cpu=Cortex-M3 --apcs=interw
ork --depend=.\data_input.d -o.\data_input.o -I.\RTE\_Target_1 -I"C:\Users\Gian
luca Graziadei\AppData\Local\Arm\Packs\ARM\CMSIS\5.8.0\CMSIS\Core\Include" -I"C
:\Users\Gianluca Graziadei\AppData\Local\Arm\Packs\Keil\LPC1700_DFP\2.7.1\Devic
e\Include" --predefine="__EVAL SETA 1" --predefine="__UVISION_VERSION SETA 536"
 --predefine="_RTE_ SETA 1" --predefine="LPC175x_6x SETA 1" --predefine="_RTE_ 
SETA 1" --list=.\data_input.lst data_input.s



ARM Macro Assembler    Page 1 Alphabetic symbol ordering
Relocatable symbols

fineCarattere 00000032

Symbol: fineCarattere
   Definitions
      At line 21 in file data_input.s
   Uses
      At line 27 in file data_input.s
Comment: fineCarattere used once
fineRiga 00000030

Symbol: fineRiga
   Definitions
      At line 17 in file data_input.s
   Uses
      At line 25 in file data_input.s
Comment: fineRiga used once
input_data 00000000

Symbol: input_data
   Definitions
      At line 1 in file data_input.s
   Uses
      None
Comment: input_data unused
maxLength 0000002F

Symbol: maxLength
   Definitions
      At line 15 in file data_input.s
   Uses
      At line 24 in file data_input.s
Comment: maxLength used once
message 00000000

Symbol: message
   Definitions
      At line 3 in file data_input.s
   Uses
      At line 23 in file data_input.s
Comment: message used once
spazio 00000031

Symbol: spazio
   Definitions
      At line 19 in file data_input.s
   Uses
      At line 26 in file data_input.s
Comment: spazio used once
6 symbols
340 symbols in table
