


ARM Macro Assembler    Page 1 


    1 00000000         
    2 00000000                 AREA             input_data, READONLY, ALIGN=4
    3 00000000         
    4 00000000 FFFFFFFB 
              00000005 
              FFFFFFFC 
              00000005 
              FFFFFFFD 
              00000005 
              FFFFFFFE 
              00000005 
              FFFFFFFF 
              00000005 
              00000000 
              00000005 
              00000001 
              00000005 
              00000002 
              00000005 
              00000003 
              00000005 
              00000004 
              00000005 
              00000005 
              00000005 Matrix_Coordinates
                               DCD              -5,5,-4,5,-3,5,-2,5,-1,5,0,5,1,
5,2,5,3,5,4,5,5,5
    5 00000058 FFFFFFFB 
              00000004 
              FFFFFFFC 
              00000004 
              FFFFFFFD 
              00000004 
              FFFFFFFE 
              00000004 
              FFFFFFFF 
              00000004 
              00000000 
              00000004 
              00000001 
              00000004 
              00000002 
              00000004 
              00000003 
              00000004 
              00000004 
              00000004 
              00000005 
              00000004         DCD              -5,4,-4,4,-3,4,-2,4,-1,4,0,4,1,
4,2,4,3,4,4,4,5,4
    6 000000B0 FFFFFFFB 
              00000003 
              FFFFFFFC 
              00000003 
              FFFFFFFD 
              00000003 
              FFFFFFFE 
              00000003 
              FFFFFFFF 



ARM Macro Assembler    Page 2 


              00000003 
              00000000 
              00000003 
              00000001 
              00000003 
              00000002 
              00000003 
              00000003 
              00000003 
              00000004 
              00000003 
              00000005 
              00000003         DCD              -5,3,-4,3,-3,3,-2,3,-1,3,0,3,1,
3,2,3,3,3,4,3,5,3
    7 00000108 FFFFFFFB 
              00000002 
              FFFFFFFC 
              00000002 
              FFFFFFFD 
              00000002 
              FFFFFFFE 
              00000002 
              FFFFFFFF 
              00000002 
              00000000 
              00000002 
              00000001 
              00000002 
              00000002 
              00000002 
              00000003 
              00000002 
              00000004 
              00000002 
              00000005 
              00000002         DCD              -5,2,-4,2,-3,2,-2,2,-1,2,0,2,1,
2,2,2,3,2,4,2,5,2
    8 00000160 FFFFFFFB 
              00000001 
              FFFFFFFC 
              00000001 
              FFFFFFFD 
              00000001 
              FFFFFFFE 
              00000001 
              FFFFFFFF 
              00000001 
              00000000 
              00000001 
              00000001 
              00000001 
              00000002 
              00000001 
              00000003 
              00000001 
              00000004 
              00000001 
              00000005 
              00000001         DCD              -5,1,-4,1,-3,1,-2,1,-1,1,0,1,1,



ARM Macro Assembler    Page 3 


1,2,1,3,1,4,1,5,1
    9 000001B8 FFFFFFFB 
              00000000 
              FFFFFFFC 
              00000000 
              FFFFFFFD 
              00000000 
              FFFFFFFE 
              00000000 
              FFFFFFFF 
              00000000 
              00000000 
              00000000 
              00000001 
              00000000 
              00000002 
              00000000 
              00000003 
              00000000 
              00000004 
              00000000 
              00000005 
              00000000         DCD              -5,0,-4,0,-3,0,-2,0,-1,0,0,0,1,
0,2,0,3,0,4,0,5,0
   10 00000210 FFFFFFFB 
              FFFFFFFF 
              FFFFFFFC 
              FFFFFFFF 
              FFFFFFFD 
              FFFFFFFF 
              FFFFFFFE 
              FFFFFFFF 
              FFFFFFFF 
              FFFFFFFF 
              00000000 
              FFFFFFFF 
              00000001 
              FFFFFFFF 
              00000002 
              FFFFFFFF 
              00000003 
              FFFFFFFF 
              00000004 
              FFFFFFFF 
              00000005 
              FFFFFFFF         DCD              -5,-1,-4,-1,-3,-1,-2,-1, -1,-1 
,0,-1,1,-1,2,-1,3,-1,4,-1,5,-1
   11 00000268 FFFFFFFB 
              FFFFFFFE 
              FFFFFFFC 
              FFFFFFFE 
              FFFFFFFD 
              FFFFFFFE 
              FFFFFFFE 
              FFFFFFFE 
              FFFFFFFF 
              FFFFFFFE 
              00000000 
              FFFFFFFE 



ARM Macro Assembler    Page 4 


              00000001 
              FFFFFFFE 
              00000002 
              FFFFFFFE 
              00000003 
              FFFFFFFE 
              00000004 
              FFFFFFFE 
              00000005 
              FFFFFFFE         DCD              -5,-2,-4,-2,-3,-2,-2,-2,-1,-2,0
,-2,1,-2,2,-2,3,-2,4,-2,5,-2
   12 000002C0 FFFFFFFB 
              FFFFFFFD 
              FFFFFFFC 
              FFFFFFFD 
              FFFFFFFD 
              FFFFFFFD 
              FFFFFFFE 
              FFFFFFFD 
              FFFFFFFF 
              FFFFFFFD 
              00000000 
              FFFFFFFD 
              00000001 
              FFFFFFFD 
              00000002 
              FFFFFFFD 
              00000003 
              FFFFFFFD 
              00000004 
              FFFFFFFD 
              00000005 
              FFFFFFFD         DCD              -5,-3,-4,-3,-3,-3,-2,-3,-1,-3,0
,-3,1,-3,2,-3,3,-3,4,-3,5,-3
   13 00000318 FFFFFFFB 
              FFFFFFFC 
              FFFFFFFC 
              FFFFFFFC 
              FFFFFFFD 
              FFFFFFFC 
              FFFFFFFE 
              FFFFFFFC 
              FFFFFFFF 
              FFFFFFFC 
              00000000 
              FFFFFFFC 
              00000001 
              FFFFFFFC 
              00000002 
              FFFFFFFC 
              00000003 
              FFFFFFFC 
              00000004 
              FFFFFFFC 
              00000005 
              FFFFFFFC         DCD              -5,-4,-4,-4,-3,-4,-2,-4,-1,-4,0
,-4,1,-4,2,-4,3,-4,4,-4,5,-4
   14 00000370 FFFFFFFB 
              FFFFFFFB 



ARM Macro Assembler    Page 5 


              FFFFFFFC 
              FFFFFFFB 
              FFFFFFFD 
              FFFFFFFB 
              FFFFFFFE 
              FFFFFFFB 
              FFFFFFFF 
              FFFFFFFB 
              00000000 
              FFFFFFFB 
              00000001 
              FFFFFFFB 
              00000002 
              FFFFFFFB 
              00000003 
              FFFFFFFB 
              00000004 
              FFFFFFFB 
              00000005 
              FFFFFFFB         DCD              -5,-5,-4,-5,-3,-5,-2,-5,-1,-5,0
,-5,1,-5,2,-5,3,-5,4,-5,5,-5
   15 000003C8 0B      ROWS    DCB              11
   16 000003C9 16      COLUMNS DCB              22
   17 000003CA         
   18 000003CA                 EXPORT           Matrix_Coordinates
   19 000003CA                 EXPORT           ROWS
   20 000003CA                 EXPORT           COLUMNS
   21 000003CA         
   22 000003CA                 END
Command Line: --debug --xref --diag_suppress=9931 --cpu=Cortex-M3 --apcs=interw
ork --depend=.\input_file.d -o.\input_file.o -I.\RTE\_Target_1 -I"C:\Users\Gian
luca Graziadei\AppData\Local\Arm\Packs\ARM\CMSIS\5.8.0\CMSIS\Core\Include" -I"C
:\Users\Gianluca Graziadei\AppData\Local\Arm\Packs\Keil\LPC1700_DFP\2.7.1\Devic
e\Include" --predefine="__EVAL SETA 1" --predefine="__UVISION_VERSION SETA 536"
 --predefine="_RTE_ SETA 1" --predefine="LPC175x_6x SETA 1" --predefine="_RTE_ 
SETA 1" --list=.\input_file.lst input_file.s



ARM Macro Assembler    Page 1 Alphabetic symbol ordering
Relocatable symbols

COLUMNS 000003C9

Symbol: COLUMNS
   Definitions
      At line 16 in file input_file.s
   Uses
      At line 20 in file input_file.s
Comment: COLUMNS used once
Matrix_Coordinates 00000000

Symbol: Matrix_Coordinates
   Definitions
      At line 4 in file input_file.s
   Uses
      At line 18 in file input_file.s
Comment: Matrix_Coordinates used once
ROWS 000003C8

Symbol: ROWS
   Definitions
      At line 15 in file input_file.s
   Uses
      At line 19 in file input_file.s
Comment: ROWS used once
input_data 00000000

Symbol: input_data
   Definitions
      At line 2 in file input_file.s
   Uses
      None
Comment: input_data unused
4 symbols
338 symbols in table
