


ARM Macro Assembler    Page 1 


    1 00000000         
    2 00000000                 AREA             output_data, READWRITE, ALIGN=1
    3 00000000         
    4 00000000 00 00 00 
              00 00 00 
              00 00 00 
              00 00 00 
              00 00 00 
              00 00 00 
              00 00 00 
              00 00 00 
              00 00 00 
              00 00 00 
              00 00 00 
              00 00 00 
              00 00 00 
              00 00 00 
              00 00 00 
              00 00 00 
              00 00 00 
              00 00 00 
              00 00 00 
              00 00 00 
              00 00 00 
              00 00 00 
              00 00 00 
              00 00 00 
              00 00 00 
              00 00 00 
              00 00 00 
              00 00 00 
              00 00 00 
              00 00 00 
              00 00 00 
              00 00 00 
              00 00 00 
              00 00 00 
              00 00 00 
              00 00 00 
              00 00 00 
              00 00 00 
              00 00 00 
              00 00 00 
              00 00 00 
              00 00 00 
              00 00 00 
              00 00 00 
              00 00 00 
              00 00 00 
              00 00 00 
              00 00 00 
              00 00 00 
              00 00 00 
              00 00 00 
              00 00 00 
              00 00 00 
              00 00 00 
              00 00 00 
              00 00 00 



ARM Macro Assembler    Page 2 


              00 00 00 
              00 00 00 
              00 00 00 
              00 00 00 
              00 00 00 
              00 00 00 
              00 00 00 
              00 00 00 
              00 00 00 
              00 00 00 
              00 00 00 
              00 00 00 
              00 00 00 
              00 00 00 
              00 00 00 
              00 00 00 
              00 00 00 
              00 00 00 
              00 00 00 
              00 00 00 
              00 00 00 
              00 00 00 
              00 00 00 
              00 00 00 
              00 00    Opt_M_Coordinates
                               SPACE            242         ;ROWS * COLUMNS * 1
                                                             Byte
    5 000000F2         
    6 000000F2                 EXPORT           Opt_M_Coordinates
    7 000000F2         
    8 000000F2         
    9 000000F2                 END
Command Line: --debug --xref --diag_suppress=9931 --cpu=Cortex-M3 --apcs=interw
ork --depend=.\output_file.d -o.\output_file.o -I.\RTE\_Target_1 -I"C:\Users\Gi
anluca Graziadei\AppData\Local\Arm\Packs\ARM\CMSIS\5.8.0\CMSIS\Core\Include" -I
"C:\Users\Gianluca Graziadei\AppData\Local\Arm\Packs\Keil\LPC1700_DFP\2.7.1\Dev
ice\Include" --predefine="__EVAL SETA 1" --predefine="__UVISION_VERSION SETA 53
6" --predefine="_RTE_ SETA 1" --predefine="LPC175x_6x SETA 1" --predefine="_RTE
_ SETA 1" --list=.\output_file.lst output_file.s



ARM Macro Assembler    Page 1 Alphabetic symbol ordering
Relocatable symbols

Opt_M_Coordinates 00000000

Symbol: Opt_M_Coordinates
   Definitions
      At line 4 in file output_file.s
   Uses
      At line 6 in file output_file.s
Comment: Opt_M_Coordinates used once
output_data 00000000

Symbol: output_data
   Definitions
      At line 2 in file output_file.s
   Uses
      None
Comment: output_data unused
2 symbols
336 symbols in table
