


ARM Macro Assembler    Page 1 


    1 00000000         ;/******************************************************
                       ********************//**
    2 00000000         ; * @file     startup_LPC17xx.s
    3 00000000         ; * @brief    CMSIS Cortex-M3 Core Device Startup File f
                       or
    4 00000000         ; *           NXP LPC17xx Device Series
    5 00000000         ; * @version  V1.10
    6 00000000         ; * @date     06. April 2011
    7 00000000         ; *
    8 00000000         ; * @note
    9 00000000         ; * Copyright (C) 2009-2011 ARM Limited. All rights rese
                       rved.
   10 00000000         ; *
   11 00000000         ; * @par
   12 00000000         ; * ARM Limited (ARM) is supplying this software for use
                        with Cortex-M
   13 00000000         ; * processor based microcontrollers.  This file can be 
                       freely distributed
   14 00000000         ; * within development tools that are supporting such AR
                       M based processors.
   15 00000000         ; *
   16 00000000         ; * @par
   17 00000000         ; * THIS SOFTWARE IS PROVIDED "AS IS".  NO WARRANTIES, W
                       HETHER EXPRESS, IMPLIED
   18 00000000         ; * OR STATUTORY, INCLUDING, BUT NOT LIMITED TO, IMPLIED
                        WARRANTIES OF
   19 00000000         ; * MERCHANTABILITY AND FITNESS FOR A PARTICULAR PURPOSE
                        APPLY TO THIS SOFTWARE.
   20 00000000         ; * ARM SHALL NOT, IN ANY CIRCUMSTANCES, BE LIABLE FOR S
                       PECIAL, INCIDENTAL, OR
   21 00000000         ; * CONSEQUENTIAL DAMAGES, FOR ANY REASON WHATSOEVER.
   22 00000000         ; *
   23 00000000         ; ******************************************************
                       ************************/
   24 00000000         
   25 00000000         ; *------- <<< Use Configuration Wizard in Context Menu 
                       >>> ------------------
   26 00000000         
   27 00000000         ; <h> Stack Configuration
   28 00000000         ;   <o> Stack Size (in Bytes) <0x0-0xFFFFFFFF:8>
   29 00000000         ; </h>
   30 00000000         
   31 00000000 00000200 
                       Stack_Size
                               EQU              0x00000200
   32 00000000         
   33 00000000                 AREA             STACK, NOINIT, READWRITE, ALIGN
=3
   34 00000000         Stack_Mem
                               SPACE            Stack_Size
   35 00000200         __initial_sp
   36 00000200         
   37 00000200         
   38 00000200         ; <h> Heap Configuration
   39 00000200         ;   <o>  Heap Size (in Bytes) <0x0-0xFFFFFFFF:8>
   40 00000200         ; </h>
   41 00000200         
   42 00000200 00000200 
                       Heap_Size



ARM Macro Assembler    Page 2 


                               EQU              0x00000200
   43 00000200         
   44 00000200                 AREA             HEAP, NOINIT, READWRITE, ALIGN=
3 
                                                            ; 2*3
   45 00000000         __heap_base
   46 00000000         Heap_Mem
                               SPACE            Heap_Size
   47 00000200         __heap_limit
   48 00000200         
   49 00000200         
   50 00000200                 PRESERVE8
   51 00000200                 THUMB
   52 00000200         
   53 00000200         ; Vector Table Mapped to Address 0 at Reset
   54 00000200         
   55 00000200                 AREA             RESET, DATA, READONLY
   56 00000000                 EXPORT           __Vectors
   57 00000000         
   58 00000000 00000000 
                       __Vectors
                               DCD              __initial_sp ; Top of Stack
   59 00000004 00000000        DCD              Reset_Handler ; Reset Handler
   60 00000008 00000000        DCD              NMI_Handler ; NMI Handler
   61 0000000C 00000000        DCD              HardFault_Handler ; Hard Fault 
                                                            Handler
   62 00000010 00000000        DCD              MemManage_Handler 
                                                            ; MPU Fault Handler
                                                            
   63 00000014 00000000        DCD              BusFault_Handler 
                                                            ; Bus Fault Handler
                                                            
   64 00000018 00000000        DCD              UsageFault_Handler ; Usage Faul
                                                            t Handler
   65 0000001C 00000000        DCD              0           ; Reserved
   66 00000020 00000000        DCD              0           ; Reserved
   67 00000024 00000000        DCD              0           ; Reserved
   68 00000028 00000000        DCD              0           ; Reserved
   69 0000002C 00000000        DCD              SVC_Handler ; SVCall Handler
   70 00000030 00000000        DCD              DebugMon_Handler ; Debug Monito
                                                            r Handler
   71 00000034 00000000        DCD              0           ; Reserved
   72 00000038 00000000        DCD              PendSV_Handler ; PendSV Handler
                                                            
   73 0000003C 00000000        DCD              SysTick_Handler 
                                                            ; SysTick Handler
   74 00000040         
   75 00000040         ; External Interrupts
   76 00000040 00000000        DCD              WDT_IRQHandler ; 16: Watchdog T
                                                            imer
   77 00000044 00000000        DCD              TIMER0_IRQHandler ; 17: Timer0
   78 00000048 00000000        DCD              TIMER1_IRQHandler ; 18: Timer1
   79 0000004C 00000000        DCD              TIMER2_IRQHandler ; 19: Timer2
   80 00000050 00000000        DCD              TIMER3_IRQHandler ; 20: Timer3
   81 00000054 00000000        DCD              UART0_IRQHandler ; 21: UART0
   82 00000058 00000000        DCD              UART1_IRQHandler ; 22: UART1
   83 0000005C 00000000        DCD              UART2_IRQHandler ; 23: UART2
   84 00000060 00000000        DCD              UART3_IRQHandler ; 24: UART3
   85 00000064 00000000        DCD              PWM1_IRQHandler ; 25: PWM1



ARM Macro Assembler    Page 3 


   86 00000068 00000000        DCD              I2C0_IRQHandler ; 26: I2C0
   87 0000006C 00000000        DCD              I2C1_IRQHandler ; 27: I2C1
   88 00000070 00000000        DCD              I2C2_IRQHandler ; 28: I2C2
   89 00000074 00000000        DCD              SPI_IRQHandler ; 29: SPI
   90 00000078 00000000        DCD              SSP0_IRQHandler ; 30: SSP0
   91 0000007C 00000000        DCD              SSP1_IRQHandler ; 31: SSP1
   92 00000080 00000000        DCD              PLL0_IRQHandler ; 32: PLL0 Lock
                                                             (Main PLL)
   93 00000084 00000000        DCD              RTC_IRQHandler ; 33: Real Time 
                                                            Clock
   94 00000088 00000000        DCD              EINT0_IRQHandler ; 34: External
                                                             Interrupt 0
   95 0000008C 00000000        DCD              EINT1_IRQHandler ; 35: External
                                                             Interrupt 1
   96 00000090 00000000        DCD              EINT2_IRQHandler ; 36: External
                                                             Interrupt 2
   97 00000094 00000000        DCD              EINT3_IRQHandler ; 37: External
                                                             Interrupt 3
   98 00000098 00000000        DCD              ADC_IRQHandler 
                                                            ; 38: A/D Converter
                                                            
   99 0000009C 00000000        DCD              BOD_IRQHandler ; 39: Brown-Out 
                                                            Detect
  100 000000A0 00000000        DCD              USB_IRQHandler ; 40: USB
  101 000000A4 00000000        DCD              CAN_IRQHandler ; 41: CAN
  102 000000A8 00000000        DCD              DMA_IRQHandler ; 42: General Pu
                                                            rpose DMA
  103 000000AC 00000000        DCD              I2S_IRQHandler ; 43: I2S
  104 000000B0 00000000        DCD              ENET_IRQHandler ; 44: Ethernet
  105 000000B4 00000000        DCD              RIT_IRQHandler ; 45: Repetitive
                                                             Interrupt Timer
  106 000000B8 00000000        DCD              MCPWM_IRQHandler ; 46: Motor Co
                                                            ntrol PWM
  107 000000BC 00000000        DCD              QEI_IRQHandler ; 47: Quadrature
                                                             Encoder Interface
  108 000000C0 00000000        DCD              PLL1_IRQHandler ; 48: PLL1 Lock
                                                             (USB PLL)
  109 000000C4 00000000        DCD              USBActivity_IRQHandler ; 49: US
                                                            B Activity interrup
                                                            t to wakeup
  110 000000C8 00000000        DCD              CANActivity_IRQHandler ; 50: CA
                                                            N Activity interrup
                                                            t to wakeup
  111 000000CC         
  112 000000CC                 IF               :LNOT::DEF:NO_CRP
  113 000000CC                 AREA             |.ARM.__at_0x02FC|, CODE, READO
NLY
  114 00000000 FFFFFFFF 
                       CRP_Key DCD              0xFFFFFFFF
  115 00000004                 ENDIF
  116 00000004         
  117 00000004                 AREA             inputData, READONLY, ALIGN=4
  118 00000000         ;Ingredient_calories     
  119 00000000 00000001 
              0000001E 
              00000002 
              00000046 
              00000003 
              000000C8 



ARM Macro Assembler    Page 4 


              00000004 
              0000002A 
              00000005 
              00000051 Ingredient_calories
                               DCD              0x01, 30, 0x02, 70, 0x03, 200, 
0x04, 42, 0x05, 81
  120 00000028 00000006 
              00000014         DCD              0x06, 20
  121 00000030         ;Ingredient_quantity 
  122 00000030 00000002 
              00000032 
              00000005 
              00000003 
              00000003 
              0000000A 
              00000001 
              00000005 
              00000004 Ingredient_quantity
                               DCD              0x02, 50, 0x05, 3, 0x03, 10, 0x
01, 5, 0x04
  123 00000054 00000008 
              00000006 
              0000001E         DCD              8, 0x06, 30
  124 00000060 06      Num_ingredients
                               DCB              6
  125 00000061         
  126 00000061                 AREA             outputData, READWRITE, ALIGN=4
  127 00000000 00 00 00 
              00 00 00 
              00 00 00 
              00 00 00 
              00 00 00 
              00 00 00 
              00 00 00 
              00 00 00 Calories_tmp
                               SPACE            24
  128 00000018 00 00 00 
              00 00 00 
              00 00 00 
              00 00 00 
              00 00 00 
              00 00 00 
              00 00 00 
              00 00 00 Calories_ordered
                               SPACE            24
  129 00000030 00 00 00 
              00 00 00 
              00 00 00 
              00 00 00 
              00 00 00 
              00 00 00 
              00 00 00 
              00 00 00 Quantity_tmp
                               SPACE            24
  130 00000048 00 00 00 
              00 00 00 
              00 00 00 
              00 00 00 
              00 00 00 



ARM Macro Assembler    Page 5 


              00 00 00 
              00 00 00 
              00 00 00 Quantity_ordered
                               SPACE            24
  131 00000060         
  132 00000060                 AREA             |.text|, CODE, READONLY
  133 00000000         ; Reset Handler
  134 00000000         
  135 00000000         Reset_Handler
                               PROC
  136 00000000                 EXPORT           Reset_Handler             [WEAK
]
  137 00000000         
  138 00000000 F81F 0004       LDRB             R0, Num_ingredients
  139 00000004         ; IngredientsPreProcessing 
  140 00000004 4C3B            LDR              R4, =Ingredient_calories
  141 00000006 4D3C            LDR              R5, =Calories_ordered
  142 00000008 4E3C            LDR              R6, =Calories_tmp
  143 0000000A         CaloriesPreProcessing
  144 0000000A E8F4 1202       LDRD             R1, R2, [R4], #8
  145 0000000E F845 1B04       STR              R1, [R5] , #4
  146 00000012 F846 2B04       STR              R2, [R6] , #4
  147 00000016 1E40            SUBS             R0, R0, #1
  148 00000018 D1F7            BNE              CaloriesPreProcessing
  149 0000001A         
  150 0000001A         
  151 0000001A F81F 0004       LDRB             R0, Num_ingredients
  152 0000001E         ; QuantitiesPreProcessing 
  153 0000001E 4C38            LDR              R4, =Ingredient_quantity
  154 00000020 4D38            LDR              R5, =Quantity_ordered
  155 00000022 4E39            LDR              R6, =Quantity_tmp
  156 00000024         QuantitiesPreProcessing
  157 00000024 E8F4 1202       LDRD             R1, R2, [R4], #8
  158 00000028 F845 1B04       STR              R1, [R5] , #4
  159 0000002C F846 2B04       STR              R2, [R6] , #4
  160 00000030 1E40            SUBS             R0, R0, #1
  161 00000032 D1F7            BNE              QuantitiesPreProcessing
  162 00000034         
  163 00000034         ;bubble sort calories
  164 00000034 F81F 0004       LDRB             R0, Num_ingredients
  165 00000038 F1A0 0001       SUB              R0, R0, #1
  166 0000003C F04F 0100       MOV              R1, #0
  167 00000040 4C2E            LDR              R4, =Calories_tmp
  168 00000042 4D2D            LDR              R5, =Calories_ordered
  169 00000044         ExternalLoopC
  170 00000044 F04F 0200       MOV              R2, #0
  171 00000048 EBA0 0301       SUB              R3, R0, R1
  172 0000004C         
  173 0000004C         InternalLoopC
  174 0000004C EA4F 0682       LSL              R6, R2, #2
  175 00000050 F106 0804       ADD              R8, R6, #4
  176 00000054 59A7            LDR              R7, [R4, R6]
  177 00000056 F854 9008       LDR              R9, [R4, R8]
  178 0000005A         
  179 0000005A 454F            CMP              R7, R9
  180 0000005C DA0A            BGE              InternalLoopNextC
  181 0000005E         ;swap values   
  182 0000005E F844 9006       STR              R9, [R4, R6]
  183 00000062 F844 7008       STR              R7, [R4, R8]



ARM Macro Assembler    Page 6 


  184 00000066         ;swap lables    
  185 00000066 59AF            LDR              R7, [R5, R6]
  186 00000068 F855 9008       LDR              R9, [R5, R8]
  187 0000006C F845 9006       STR              R9, [R5, R6]
  188 00000070 F845 7008       STR              R7, [R5, R8]
  189 00000074         
  190 00000074         InternalLoopNextC
  191 00000074 F102 0201       ADD              R2, R2, #1
  192 00000078 429A            CMP              R2, R3
  193 0000007A D1E7            BNE              InternalLoopC
  194 0000007C         
  195 0000007C F101 0101       ADD              R1, R1, #1
  196 00000080 4281            CMP              R1, R0
  197 00000082 D1DF            BNE              ExternalLoopC
  198 00000084         
  199 00000084         ;save in R11 the most caloric ingredient
  200 00000084 F8D5 B000       LDR              R11, [R5]
  201 00000088         
  202 00000088         ;bubble sort quantities
  203 00000088 F81F 0004       LDRB             R0, Num_ingredients
  204 0000008C F1A0 0001       SUB              R0, R0, #1
  205 00000090 F04F 0100       MOV              R1, #0
  206 00000094 4C1C            LDR              R4, =Quantity_tmp
  207 00000096 4D1B            LDR              R5, =Quantity_ordered
  208 00000098         ExternalLoopQ
  209 00000098 F04F 0200       MOV              R2, #0
  210 0000009C EBA0 0301       SUB              R3, R0, R1
  211 000000A0         
  212 000000A0         InternalLoopQ
  213 000000A0 EA4F 0682       LSL              R6, R2, #2
  214 000000A4 F106 0804       ADD              R8, R6, #4
  215 000000A8 59A7            LDR              R7, [R4, R6]
  216 000000AA F854 9008       LDR              R9, [R4, R8]
  217 000000AE         
  218 000000AE 454F            CMP              R7, R9
  219 000000B0 DA0A            BGE              InternalLoopNextQ
  220 000000B2         ;swap values   
  221 000000B2 F844 9006       STR              R9, [R4, R6]
  222 000000B6 F844 7008       STR              R7, [R4, R8]
  223 000000BA         ;swap lables    
  224 000000BA 59AF            LDR              R7, [R5, R6]
  225 000000BC F855 9008       LDR              R9, [R5, R8]
  226 000000C0 F845 9006       STR              R9, [R5, R6]
  227 000000C4 F845 7008       STR              R7, [R5, R8]
  228 000000C8         
  229 000000C8         InternalLoopNextQ
  230 000000C8 F102 0201       ADD              R2, R2, #1
  231 000000CC 429A            CMP              R2, R3
  232 000000CE D1E7            BNE              InternalLoopQ
  233 000000D0         
  234 000000D0 F101 0101       ADD              R1, R1, #1
  235 000000D4 4281            CMP              R1, R0
  236 000000D6 D1DF            BNE              ExternalLoopQ
  237 000000D8         
  238 000000D8 E7FE            B                .
  239 000000DA                 ENDP
  240 000000DA         
  241 000000DA         
  242 000000DA         



ARM Macro Assembler    Page 7 


  243 000000DA         ; Dummy Exception Handlers (infinite loops which can be 
                       modified)
  244 000000DA         
  245 000000DA         NMI_Handler
                               PROC
  246 000000DA                 EXPORT           NMI_Handler               [WEAK
]
  247 000000DA E7FE            B                .
  248 000000DC                 ENDP
  250 000000DC         HardFault_Handler
                               PROC
  251 000000DC                 EXPORT           HardFault_Handler         [WEAK
]
  252 000000DC         ; your code
  253 000000DC F040 0001       orr              r0,r0,#1
  254 000000E0 4700            BX               r0
  255 000000E2                 ENDP
  257 000000E2         MemManage_Handler
                               PROC
  258 000000E2                 EXPORT           MemManage_Handler         [WEAK
]
  259 000000E2 E7FE            B                .
  260 000000E4                 ENDP
  262 000000E4         BusFault_Handler
                               PROC
  263 000000E4                 EXPORT           BusFault_Handler          [WEAK
]
  264 000000E4 E7FE            B                .
  265 000000E6                 ENDP
  267 000000E6         UsageFault_Handler
                               PROC
  268 000000E6                 EXPORT           UsageFault_Handler        [WEAK
]
  269 000000E6 E7FE            B                .
  270 000000E8                 ENDP
  271 000000E8         SVC_Handler
                               PROC
  272 000000E8                 EXPORT           SVC_Handler               [WEAK
]
  273 000000E8 E7FE            B                .
  274 000000EA                 ENDP
  276 000000EA         DebugMon_Handler
                               PROC
  277 000000EA                 EXPORT           DebugMon_Handler          [WEAK
]
  278 000000EA E7FE            B                .
  279 000000EC                 ENDP
  280 000000EC         PendSV_Handler
                               PROC
  281 000000EC                 EXPORT           PendSV_Handler            [WEAK
]
  282 000000EC E7FE            B                .
  283 000000EE                 ENDP
  284 000000EE         SysTick_Handler
                               PROC
  285 000000EE                 EXPORT           SysTick_Handler           [WEAK
]
  286 000000EE E7FE            B                .
  287 000000F0                 ENDP



ARM Macro Assembler    Page 8 


  288 000000F0         
  289 000000F0         Default_Handler
                               PROC
  290 000000F0         
  291 000000F0                 EXPORT           WDT_IRQHandler            [WEAK
]
  292 000000F0                 EXPORT           TIMER0_IRQHandler         [WEAK
]
  293 000000F0                 EXPORT           TIMER1_IRQHandler         [WEAK
]
  294 000000F0                 EXPORT           TIMER2_IRQHandler         [WEAK
]
  295 000000F0                 EXPORT           TIMER3_IRQHandler         [WEAK
]
  296 000000F0                 EXPORT           UART0_IRQHandler          [WEAK
]
  297 000000F0                 EXPORT           UART1_IRQHandler          [WEAK
]
  298 000000F0                 EXPORT           UART2_IRQHandler          [WEAK
]
  299 000000F0                 EXPORT           UART3_IRQHandler          [WEAK
]
  300 000000F0                 EXPORT           PWM1_IRQHandler           [WEAK
]
  301 000000F0                 EXPORT           I2C0_IRQHandler           [WEAK
]
  302 000000F0                 EXPORT           I2C1_IRQHandler           [WEAK
]
  303 000000F0                 EXPORT           I2C2_IRQHandler           [WEAK
]
  304 000000F0                 EXPORT           SPI_IRQHandler            [WEAK
]
  305 000000F0                 EXPORT           SSP0_IRQHandler           [WEAK
]
  306 000000F0                 EXPORT           SSP1_IRQHandler           [WEAK
]
  307 000000F0                 EXPORT           PLL0_IRQHandler           [WEAK
]
  308 000000F0                 EXPORT           RTC_IRQHandler            [WEAK
]
  309 000000F0                 EXPORT           EINT0_IRQHandler          [WEAK
]
  310 000000F0                 EXPORT           EINT1_IRQHandler          [WEAK
]
  311 000000F0                 EXPORT           EINT2_IRQHandler          [WEAK
]
  312 000000F0                 EXPORT           EINT3_IRQHandler          [WEAK
]
  313 000000F0                 EXPORT           ADC_IRQHandler            [WEAK
]
  314 000000F0                 EXPORT           BOD_IRQHandler            [WEAK
]
  315 000000F0                 EXPORT           USB_IRQHandler            [WEAK
]
  316 000000F0                 EXPORT           CAN_IRQHandler            [WEAK
]
  317 000000F0                 EXPORT           DMA_IRQHandler            [WEAK
]
  318 000000F0                 EXPORT           I2S_IRQHandler            [WEAK



ARM Macro Assembler    Page 9 


]
  319 000000F0                 EXPORT           ENET_IRQHandler           [WEAK
]
  320 000000F0                 EXPORT           RIT_IRQHandler            [WEAK
]
  321 000000F0                 EXPORT           MCPWM_IRQHandler          [WEAK
]
  322 000000F0                 EXPORT           QEI_IRQHandler            [WEAK
]
  323 000000F0                 EXPORT           PLL1_IRQHandler           [WEAK
]
  324 000000F0                 EXPORT           USBActivity_IRQHandler    [WEAK
]
  325 000000F0                 EXPORT           CANActivity_IRQHandler    [WEAK
]
  326 000000F0         
  327 000000F0         WDT_IRQHandler
  328 000000F0         TIMER0_IRQHandler
  329 000000F0         TIMER1_IRQHandler
  330 000000F0         TIMER2_IRQHandler
  331 000000F0         TIMER3_IRQHandler
  332 000000F0         UART0_IRQHandler
  333 000000F0         UART1_IRQHandler
  334 000000F0         UART2_IRQHandler
  335 000000F0         UART3_IRQHandler
  336 000000F0         PWM1_IRQHandler
  337 000000F0         I2C0_IRQHandler
  338 000000F0         I2C1_IRQHandler
  339 000000F0         I2C2_IRQHandler
  340 000000F0         SPI_IRQHandler
  341 000000F0         SSP0_IRQHandler
  342 000000F0         SSP1_IRQHandler
  343 000000F0         PLL0_IRQHandler
  344 000000F0         RTC_IRQHandler
  345 000000F0         EINT0_IRQHandler
  346 000000F0         EINT1_IRQHandler
  347 000000F0         EINT2_IRQHandler
  348 000000F0         EINT3_IRQHandler
  349 000000F0         ADC_IRQHandler
  350 000000F0         BOD_IRQHandler
  351 000000F0         USB_IRQHandler
  352 000000F0         CAN_IRQHandler
  353 000000F0         DMA_IRQHandler
  354 000000F0         I2S_IRQHandler
  355 000000F0         ENET_IRQHandler
  356 000000F0         RIT_IRQHandler
  357 000000F0         MCPWM_IRQHandler
  358 000000F0         QEI_IRQHandler
  359 000000F0         PLL1_IRQHandler
  360 000000F0         USBActivity_IRQHandler
  361 000000F0         CANActivity_IRQHandler
  362 000000F0         
  363 000000F0 E7FE            B                .
  364 000000F2         
  365 000000F2                 ENDP
  366 000000F2         
  367 000000F2         
  368 000000F2 00 00           ALIGN
  369 000000F4         



ARM Macro Assembler    Page 10 


  370 000000F4         
  371 000000F4         ; User Initial Stack & Heap
  372 000000F4         
  373 000000F4                 EXPORT           __initial_sp
  374 000000F4                 EXPORT           __heap_base
  375 000000F4                 EXPORT           __heap_limit
  376 000000F4         
  377 000000F4                 END
              00000000 
              00000000 
              00000000 
              00000000 
              00000000 
              00000000 
Command Line: --debug --xref --diag_suppress=9931 --cpu=Cortex-M3 --apcs=interw
ork --depend=.\startup.d -o.\startup.o -I.\RTE\_Target_1 -I"C:\users\Gianluca G
raziadei\AppData\Local\Arm\Packs\ARM\CMSIS\5.8.0\CMSIS\Core\Include" -I"C:\user
s\Gianluca Graziadei\AppData\Local\Arm\Packs\Keil\LPC1700_DFP\2.7.1\Device\Incl
ude" --predefine="__EVAL SETA 1" --predefine="__UVISION_VERSION SETA 537" --pre
define="_RTE_ SETA 1" --predefine="LPC175x_6x SETA 1" --predefine="_RTE_ SETA 1
" --list=.\startup.lst startup.s



ARM Macro Assembler    Page 1 Alphabetic symbol ordering
Relocatable symbols

STACK 00000000

Symbol: STACK
   Definitions
      At line 33 in file startup.s
   Uses
      None
Comment: STACK unused
Stack_Mem 00000000

Symbol: Stack_Mem
   Definitions
      At line 34 in file startup.s
   Uses
      None
Comment: Stack_Mem unused
__initial_sp 00000200

Symbol: __initial_sp
   Definitions
      At line 35 in file startup.s
   Uses
      At line 58 in file startup.s
      At line 373 in file startup.s

3 symbols



ARM Macro Assembler    Page 1 Alphabetic symbol ordering
Relocatable symbols

HEAP 00000000

Symbol: HEAP
   Definitions
      At line 44 in file startup.s
   Uses
      None
Comment: HEAP unused
Heap_Mem 00000000

Symbol: Heap_Mem
   Definitions
      At line 46 in file startup.s
   Uses
      None
Comment: Heap_Mem unused
__heap_base 00000000

Symbol: __heap_base
   Definitions
      At line 45 in file startup.s
   Uses
      At line 374 in file startup.s
Comment: __heap_base used once
__heap_limit 00000200

Symbol: __heap_limit
   Definitions
      At line 47 in file startup.s
   Uses
      At line 375 in file startup.s
Comment: __heap_limit used once
4 symbols



ARM Macro Assembler    Page 1 Alphabetic symbol ordering
Relocatable symbols

RESET 00000000

Symbol: RESET
   Definitions
      At line 55 in file startup.s
   Uses
      None
Comment: RESET unused
__Vectors 00000000

Symbol: __Vectors
   Definitions
      At line 58 in file startup.s
   Uses
      At line 56 in file startup.s
Comment: __Vectors used once
2 symbols



ARM Macro Assembler    Page 1 Alphabetic symbol ordering
Relocatable symbols

.ARM.__at_0x02FC 00000000

Symbol: .ARM.__at_0x02FC
   Definitions
      At line 113 in file startup.s
   Uses
      None
Comment: .ARM.__at_0x02FC unused
CRP_Key 00000000

Symbol: CRP_Key
   Definitions
      At line 114 in file startup.s
   Uses
      None
Comment: CRP_Key unused
2 symbols



ARM Macro Assembler    Page 1 Alphabetic symbol ordering
Relocatable symbols

Ingredient_calories 00000000

Symbol: Ingredient_calories
   Definitions
      At line 119 in file startup.s
   Uses
      At line 140 in file startup.s
Comment: Ingredient_calories used once
Ingredient_quantity 00000030

Symbol: Ingredient_quantity
   Definitions
      At line 122 in file startup.s
   Uses
      At line 153 in file startup.s
Comment: Ingredient_quantity used once
Num_ingredients 00000060

Symbol: Num_ingredients
   Definitions
      At line 124 in file startup.s
   Uses
      At line 138 in file startup.s
      At line 151 in file startup.s
      At line 164 in file startup.s
      At line 203 in file startup.s

inputData 00000000

Symbol: inputData
   Definitions
      At line 117 in file startup.s
   Uses
      None
Comment: inputData unused
4 symbols



ARM Macro Assembler    Page 1 Alphabetic symbol ordering
Relocatable symbols

Calories_ordered 00000018

Symbol: Calories_ordered
   Definitions
      At line 128 in file startup.s
   Uses
      At line 141 in file startup.s
      At line 168 in file startup.s

Calories_tmp 00000000

Symbol: Calories_tmp
   Definitions
      At line 127 in file startup.s
   Uses
      At line 142 in file startup.s
      At line 167 in file startup.s

Quantity_ordered 00000048

Symbol: Quantity_ordered
   Definitions
      At line 130 in file startup.s
   Uses
      At line 154 in file startup.s
      At line 207 in file startup.s

Quantity_tmp 00000030

Symbol: Quantity_tmp
   Definitions
      At line 129 in file startup.s
   Uses
      At line 155 in file startup.s
      At line 206 in file startup.s

outputData 00000000

Symbol: outputData
   Definitions
      At line 126 in file startup.s
   Uses
      None
Comment: outputData unused
5 symbols



ARM Macro Assembler    Page 1 Alphabetic symbol ordering
Relocatable symbols

.text 00000000

Symbol: .text
   Definitions
      At line 132 in file startup.s
   Uses
      None
Comment: .text unused
ADC_IRQHandler 000000F0

Symbol: ADC_IRQHandler
   Definitions
      At line 349 in file startup.s
   Uses
      At line 98 in file startup.s
      At line 313 in file startup.s

BOD_IRQHandler 000000F0

Symbol: BOD_IRQHandler
   Definitions
      At line 350 in file startup.s
   Uses
      At line 99 in file startup.s
      At line 314 in file startup.s

BusFault_Handler 000000E4

Symbol: BusFault_Handler
   Definitions
      At line 262 in file startup.s
   Uses
      At line 63 in file startup.s
      At line 263 in file startup.s

CANActivity_IRQHandler 000000F0

Symbol: CANActivity_IRQHandler
   Definitions
      At line 361 in file startup.s
   Uses
      At line 110 in file startup.s
      At line 325 in file startup.s

CAN_IRQHandler 000000F0

Symbol: CAN_IRQHandler
   Definitions
      At line 352 in file startup.s
   Uses
      At line 101 in file startup.s
      At line 316 in file startup.s

CaloriesPreProcessing 0000000A

Symbol: CaloriesPreProcessing
   Definitions
      At line 143 in file startup.s
   Uses



ARM Macro Assembler    Page 2 Alphabetic symbol ordering
Relocatable symbols

      At line 148 in file startup.s
Comment: CaloriesPreProcessing used once
DMA_IRQHandler 000000F0

Symbol: DMA_IRQHandler
   Definitions
      At line 353 in file startup.s
   Uses
      At line 102 in file startup.s
      At line 317 in file startup.s

DebugMon_Handler 000000EA

Symbol: DebugMon_Handler
   Definitions
      At line 276 in file startup.s
   Uses
      At line 70 in file startup.s
      At line 277 in file startup.s

Default_Handler 000000F0

Symbol: Default_Handler
   Definitions
      At line 289 in file startup.s
   Uses
      None
Comment: Default_Handler unused
EINT0_IRQHandler 000000F0

Symbol: EINT0_IRQHandler
   Definitions
      At line 345 in file startup.s
   Uses
      At line 94 in file startup.s
      At line 309 in file startup.s

EINT1_IRQHandler 000000F0

Symbol: EINT1_IRQHandler
   Definitions
      At line 346 in file startup.s
   Uses
      At line 95 in file startup.s
      At line 310 in file startup.s

EINT2_IRQHandler 000000F0

Symbol: EINT2_IRQHandler
   Definitions
      At line 347 in file startup.s
   Uses
      At line 96 in file startup.s
      At line 311 in file startup.s

EINT3_IRQHandler 000000F0

Symbol: EINT3_IRQHandler
   Definitions



ARM Macro Assembler    Page 3 Alphabetic symbol ordering
Relocatable symbols

      At line 348 in file startup.s
   Uses
      At line 97 in file startup.s
      At line 312 in file startup.s

ENET_IRQHandler 000000F0

Symbol: ENET_IRQHandler
   Definitions
      At line 355 in file startup.s
   Uses
      At line 104 in file startup.s
      At line 319 in file startup.s

ExternalLoopC 00000044

Symbol: ExternalLoopC
   Definitions
      At line 169 in file startup.s
   Uses
      At line 197 in file startup.s
Comment: ExternalLoopC used once
ExternalLoopQ 00000098

Symbol: ExternalLoopQ
   Definitions
      At line 208 in file startup.s
   Uses
      At line 236 in file startup.s
Comment: ExternalLoopQ used once
HardFault_Handler 000000DC

Symbol: HardFault_Handler
   Definitions
      At line 250 in file startup.s
   Uses
      At line 61 in file startup.s
      At line 251 in file startup.s

I2C0_IRQHandler 000000F0

Symbol: I2C0_IRQHandler
   Definitions
      At line 337 in file startup.s
   Uses
      At line 86 in file startup.s
      At line 301 in file startup.s

I2C1_IRQHandler 000000F0

Symbol: I2C1_IRQHandler
   Definitions
      At line 338 in file startup.s
   Uses
      At line 87 in file startup.s
      At line 302 in file startup.s

I2C2_IRQHandler 000000F0




ARM Macro Assembler    Page 4 Alphabetic symbol ordering
Relocatable symbols

Symbol: I2C2_IRQHandler
   Definitions
      At line 339 in file startup.s
   Uses
      At line 88 in file startup.s
      At line 303 in file startup.s

I2S_IRQHandler 000000F0

Symbol: I2S_IRQHandler
   Definitions
      At line 354 in file startup.s
   Uses
      At line 103 in file startup.s
      At line 318 in file startup.s

InternalLoopC 0000004C

Symbol: InternalLoopC
   Definitions
      At line 173 in file startup.s
   Uses
      At line 193 in file startup.s
Comment: InternalLoopC used once
InternalLoopNextC 00000074

Symbol: InternalLoopNextC
   Definitions
      At line 190 in file startup.s
   Uses
      At line 180 in file startup.s
Comment: InternalLoopNextC used once
InternalLoopNextQ 000000C8

Symbol: InternalLoopNextQ
   Definitions
      At line 229 in file startup.s
   Uses
      At line 219 in file startup.s
Comment: InternalLoopNextQ used once
InternalLoopQ 000000A0

Symbol: InternalLoopQ
   Definitions
      At line 212 in file startup.s
   Uses
      At line 232 in file startup.s
Comment: InternalLoopQ used once
MCPWM_IRQHandler 000000F0

Symbol: MCPWM_IRQHandler
   Definitions
      At line 357 in file startup.s
   Uses
      At line 106 in file startup.s
      At line 321 in file startup.s

MemManage_Handler 000000E2




ARM Macro Assembler    Page 5 Alphabetic symbol ordering
Relocatable symbols

Symbol: MemManage_Handler
   Definitions
      At line 257 in file startup.s
   Uses
      At line 62 in file startup.s
      At line 258 in file startup.s

NMI_Handler 000000DA

Symbol: NMI_Handler
   Definitions
      At line 245 in file startup.s
   Uses
      At line 60 in file startup.s
      At line 246 in file startup.s

PLL0_IRQHandler 000000F0

Symbol: PLL0_IRQHandler
   Definitions
      At line 343 in file startup.s
   Uses
      At line 92 in file startup.s
      At line 307 in file startup.s

PLL1_IRQHandler 000000F0

Symbol: PLL1_IRQHandler
   Definitions
      At line 359 in file startup.s
   Uses
      At line 108 in file startup.s
      At line 323 in file startup.s

PWM1_IRQHandler 000000F0

Symbol: PWM1_IRQHandler
   Definitions
      At line 336 in file startup.s
   Uses
      At line 85 in file startup.s
      At line 300 in file startup.s

PendSV_Handler 000000EC

Symbol: PendSV_Handler
   Definitions
      At line 280 in file startup.s
   Uses
      At line 72 in file startup.s
      At line 281 in file startup.s

QEI_IRQHandler 000000F0

Symbol: QEI_IRQHandler
   Definitions
      At line 358 in file startup.s
   Uses
      At line 107 in file startup.s



ARM Macro Assembler    Page 6 Alphabetic symbol ordering
Relocatable symbols

      At line 322 in file startup.s

QuantitiesPreProcessing 00000024

Symbol: QuantitiesPreProcessing
   Definitions
      At line 156 in file startup.s
   Uses
      At line 161 in file startup.s
Comment: QuantitiesPreProcessing used once
RIT_IRQHandler 000000F0

Symbol: RIT_IRQHandler
   Definitions
      At line 356 in file startup.s
   Uses
      At line 105 in file startup.s
      At line 320 in file startup.s

RTC_IRQHandler 000000F0

Symbol: RTC_IRQHandler
   Definitions
      At line 344 in file startup.s
   Uses
      At line 93 in file startup.s
      At line 308 in file startup.s

Reset_Handler 00000000

Symbol: Reset_Handler
   Definitions
      At line 135 in file startup.s
   Uses
      At line 59 in file startup.s
      At line 136 in file startup.s

SPI_IRQHandler 000000F0

Symbol: SPI_IRQHandler
   Definitions
      At line 340 in file startup.s
   Uses
      At line 89 in file startup.s
      At line 304 in file startup.s

SSP0_IRQHandler 000000F0

Symbol: SSP0_IRQHandler
   Definitions
      At line 341 in file startup.s
   Uses
      At line 90 in file startup.s
      At line 305 in file startup.s

SSP1_IRQHandler 000000F0

Symbol: SSP1_IRQHandler
   Definitions



ARM Macro Assembler    Page 7 Alphabetic symbol ordering
Relocatable symbols

      At line 342 in file startup.s
   Uses
      At line 91 in file startup.s
      At line 306 in file startup.s

SVC_Handler 000000E8

Symbol: SVC_Handler
   Definitions
      At line 271 in file startup.s
   Uses
      At line 69 in file startup.s
      At line 272 in file startup.s

SysTick_Handler 000000EE

Symbol: SysTick_Handler
   Definitions
      At line 284 in file startup.s
   Uses
      At line 73 in file startup.s
      At line 285 in file startup.s

TIMER0_IRQHandler 000000F0

Symbol: TIMER0_IRQHandler
   Definitions
      At line 328 in file startup.s
   Uses
      At line 77 in file startup.s
      At line 292 in file startup.s

TIMER1_IRQHandler 000000F0

Symbol: TIMER1_IRQHandler
   Definitions
      At line 329 in file startup.s
   Uses
      At line 78 in file startup.s
      At line 293 in file startup.s

TIMER2_IRQHandler 000000F0

Symbol: TIMER2_IRQHandler
   Definitions
      At line 330 in file startup.s
   Uses
      At line 79 in file startup.s
      At line 294 in file startup.s

TIMER3_IRQHandler 000000F0

Symbol: TIMER3_IRQHandler
   Definitions
      At line 331 in file startup.s
   Uses
      At line 80 in file startup.s
      At line 295 in file startup.s




ARM Macro Assembler    Page 8 Alphabetic symbol ordering
Relocatable symbols

UART0_IRQHandler 000000F0

Symbol: UART0_IRQHandler
   Definitions
      At line 332 in file startup.s
   Uses
      At line 81 in file startup.s
      At line 296 in file startup.s

UART1_IRQHandler 000000F0

Symbol: UART1_IRQHandler
   Definitions
      At line 333 in file startup.s
   Uses
      At line 82 in file startup.s
      At line 297 in file startup.s

UART2_IRQHandler 000000F0

Symbol: UART2_IRQHandler
   Definitions
      At line 334 in file startup.s
   Uses
      At line 83 in file startup.s
      At line 298 in file startup.s

UART3_IRQHandler 000000F0

Symbol: UART3_IRQHandler
   Definitions
      At line 335 in file startup.s
   Uses
      At line 84 in file startup.s
      At line 299 in file startup.s

USBActivity_IRQHandler 000000F0

Symbol: USBActivity_IRQHandler
   Definitions
      At line 360 in file startup.s
   Uses
      At line 109 in file startup.s
      At line 324 in file startup.s

USB_IRQHandler 000000F0

Symbol: USB_IRQHandler
   Definitions
      At line 351 in file startup.s
   Uses
      At line 100 in file startup.s
      At line 315 in file startup.s

UsageFault_Handler 000000E6

Symbol: UsageFault_Handler
   Definitions
      At line 267 in file startup.s



ARM Macro Assembler    Page 9 Alphabetic symbol ordering
Relocatable symbols

   Uses
      At line 64 in file startup.s
      At line 268 in file startup.s

WDT_IRQHandler 000000F0

Symbol: WDT_IRQHandler
   Definitions
      At line 327 in file startup.s
   Uses
      At line 76 in file startup.s
      At line 291 in file startup.s

55 symbols



ARM Macro Assembler    Page 1 Alphabetic symbol ordering
Absolute symbols

Heap_Size 00000200

Symbol: Heap_Size
   Definitions
      At line 42 in file startup.s
   Uses
      At line 46 in file startup.s
Comment: Heap_Size used once
Stack_Size 00000200

Symbol: Stack_Size
   Definitions
      At line 31 in file startup.s
   Uses
      At line 34 in file startup.s
Comment: Stack_Size used once
2 symbols
415 symbols in table
