


ARM Macro Assembler    Page 1 


    1 00000000         ;/******************************************************
                       ********************//**
    2 00000000         ; * @file     startup_LPC17xx.s
    3 00000000         ; * @brief    CMSIS Cortex-M3 Core Device Startup File f
                       or
    4 00000000         ; *           NXP LPC17xx Device Series
    5 00000000         ; * @version  V1.10
    6 00000000         ; * @date     06. April 2011
    7 00000000         ; *
    8 00000000         ; * @note
    9 00000000         ; * Copyright (C) 2009-2011 ARM Limited. All rights rese
                       rved.
   10 00000000         ; *
   11 00000000         ; * @par
   12 00000000         ; * ARM Limited (ARM) is supplying this software for use
                        with Cortex-M
   13 00000000         ; * processor based microcontrollers.  This file can be 
                       freely distributed
   14 00000000         ; * within development tools that are supporting such AR
                       M based processors.
   15 00000000         ; *
   16 00000000         ; * @par
   17 00000000         ; * THIS SOFTWARE IS PROVIDED "AS IS".  NO WARRANTIES, W
                       HETHER EXPRESS, IMPLIED
   18 00000000         ; * OR STATUTORY, INCLUDING, BUT NOT LIMITED TO, IMPLIED
                        WARRANTIES OF
   19 00000000         ; * MERCHANTABILITY AND FITNESS FOR A PARTICULAR PURPOSE
                        APPLY TO THIS SOFTWARE.
   20 00000000         ; * ARM SHALL NOT, IN ANY CIRCUMSTANCES, BE LIABLE FOR S
                       PECIAL, INCIDENTAL, OR
   21 00000000         ; * CONSEQUENTIAL DAMAGES, FOR ANY REASON WHATSOEVER.
   22 00000000         ; *
   23 00000000         ; ******************************************************
                       ************************/
   24 00000000         
   25 00000000         ; *------- <<< Use Configuration Wizard in Context Menu 
                       >>> ------------------
   26 00000000         
   27 00000000         ; <h> Stack Configuration
   28 00000000         ;   <o> Stack Size (in Bytes) <0x0-0xFFFFFFFF:8>
   29 00000000         ; </h>
   30 00000000         
   31 00000000 00000200 
                       Stack_Size
                               EQU              0x00000200
   32 00000000         
   33 00000000                 AREA             STACK, NOINIT, READWRITE, ALIGN
=3
   34 00000000         Stack_Mem
                               SPACE            Stack_Size
   35 00000200         __initial_sp
   36 00000200         
   37 00000200         
   38 00000200         ; <h> Heap Configuration
   39 00000200         ;   <o>  Heap Size (in Bytes) <0x0-0xFFFFFFFF:8>
   40 00000200         ; </h>
   41 00000200         
   42 00000200 00000200 
                       Heap_Size



ARM Macro Assembler    Page 2 


                               EQU              0x00000200
   43 00000200         
   44 00000200                 AREA             HEAP, NOINIT, READWRITE, ALIGN=
3 
                                                            ; 2*3
   45 00000000         __heap_base
   46 00000000         Heap_Mem
                               SPACE            Heap_Size
   47 00000200         __heap_limit
   48 00000200         
   49 00000200         
   50 00000200                 PRESERVE8
   51 00000200                 THUMB
   52 00000200         
   53 00000200         ; Vector Table Mapped to Address 0 at Reset
   54 00000200         
   55 00000200                 AREA             RESET, DATA, READONLY
   56 00000000                 EXPORT           __Vectors
   57 00000000         
   58 00000000 00000000 
                       __Vectors
                               DCD              __initial_sp ; Top of Stack
   59 00000004 00000000        DCD              Reset_Handler ; Reset Handler
   60 00000008 00000000        DCD              NMI_Handler ; NMI Handler
   61 0000000C 00000000        DCD              HardFault_Handler ; Hard Fault 
                                                            Handler
   62 00000010 00000000        DCD              MemManage_Handler 
                                                            ; MPU Fault Handler
                                                            
   63 00000014 00000000        DCD              BusFault_Handler 
                                                            ; Bus Fault Handler
                                                            
   64 00000018 00000000        DCD              UsageFault_Handler ; Usage Faul
                                                            t Handler
   65 0000001C 00000000        DCD              0           ; Reserved
   66 00000020 00000000        DCD              0           ; Reserved
   67 00000024 00000000        DCD              0           ; Reserved
   68 00000028 00000000        DCD              0           ; Reserved
   69 0000002C 00000000        DCD              SVC_Handler ; SVCall Handler
   70 00000030 00000000        DCD              DebugMon_Handler ; Debug Monito
                                                            r Handler
   71 00000034 00000000        DCD              0           ; Reserved
   72 00000038 00000000        DCD              PendSV_Handler ; PendSV Handler
                                                            
   73 0000003C 00000000        DCD              SysTick_Handler 
                                                            ; SysTick Handler
   74 00000040         
   75 00000040         ; External Interrupts
   76 00000040 00000000        DCD              WDT_IRQHandler ; 16: Watchdog T
                                                            imer
   77 00000044 00000000        DCD              TIMER0_IRQHandler ; 17: Timer0
   78 00000048 00000000        DCD              TIMER1_IRQHandler ; 18: Timer1
   79 0000004C 00000000        DCD              TIMER2_IRQHandler ; 19: Timer2
   80 00000050 00000000        DCD              TIMER3_IRQHandler ; 20: Timer3
   81 00000054 00000000        DCD              UART0_IRQHandler ; 21: UART0
   82 00000058 00000000        DCD              UART1_IRQHandler ; 22: UART1
   83 0000005C 00000000        DCD              UART2_IRQHandler ; 23: UART2
   84 00000060 00000000        DCD              UART3_IRQHandler ; 24: UART3
   85 00000064 00000000        DCD              PWM1_IRQHandler ; 25: PWM1



ARM Macro Assembler    Page 3 


   86 00000068 00000000        DCD              I2C0_IRQHandler ; 26: I2C0
   87 0000006C 00000000        DCD              I2C1_IRQHandler ; 27: I2C1
   88 00000070 00000000        DCD              I2C2_IRQHandler ; 28: I2C2
   89 00000074 00000000        DCD              SPI_IRQHandler ; 29: SPI
   90 00000078 00000000        DCD              SSP0_IRQHandler ; 30: SSP0
   91 0000007C 00000000        DCD              SSP1_IRQHandler ; 31: SSP1
   92 00000080 00000000        DCD              PLL0_IRQHandler ; 32: PLL0 Lock
                                                             (Main PLL)
   93 00000084 00000000        DCD              RTC_IRQHandler ; 33: Real Time 
                                                            Clock
   94 00000088 00000000        DCD              EINT0_IRQHandler ; 34: External
                                                             Interrupt 0
   95 0000008C 00000000        DCD              EINT1_IRQHandler ; 35: External
                                                             Interrupt 1
   96 00000090 00000000        DCD              EINT2_IRQHandler ; 36: External
                                                             Interrupt 2
   97 00000094 00000000        DCD              EINT3_IRQHandler ; 37: External
                                                             Interrupt 3
   98 00000098 00000000        DCD              ADC_IRQHandler 
                                                            ; 38: A/D Converter
                                                            
   99 0000009C 00000000        DCD              BOD_IRQHandler ; 39: Brown-Out 
                                                            Detect
  100 000000A0 00000000        DCD              USB_IRQHandler ; 40: USB
  101 000000A4 00000000        DCD              CAN_IRQHandler ; 41: CAN
  102 000000A8 00000000        DCD              DMA_IRQHandler ; 42: General Pu
                                                            rpose DMA
  103 000000AC 00000000        DCD              I2S_IRQHandler ; 43: I2S
  104 000000B0 00000000        DCD              ENET_IRQHandler ; 44: Ethernet
  105 000000B4 00000000        DCD              RIT_IRQHandler ; 45: Repetitive
                                                             Interrupt Timer
  106 000000B8 00000000        DCD              MCPWM_IRQHandler ; 46: Motor Co
                                                            ntrol PWM
  107 000000BC 00000000        DCD              QEI_IRQHandler ; 47: Quadrature
                                                             Encoder Interface
  108 000000C0 00000000        DCD              PLL1_IRQHandler ; 48: PLL1 Lock
                                                             (USB PLL)
  109 000000C4 00000000        DCD              USBActivity_IRQHandler ; 49: US
                                                            B Activity interrup
                                                            t to wakeup
  110 000000C8 00000000        DCD              CANActivity_IRQHandler ; 50: CA
                                                            N Activity interrup
                                                            t to wakeup
  111 000000CC         
  112 000000CC                 IF               :LNOT::DEF:NO_CRP
  113 000000CC                 AREA             |.ARM.__at_0x02FC|, CODE, READO
NLY
  114 00000000 FFFFFFFF 
                       CRP_Key DCD              0xFFFFFFFF
  115 00000004                 ENDIF
  116 00000004         
  117 00000004                 AREA             inputData, READONLY, ALIGN=4
  118 00000000         ;Ingredient_calories     
  119 00000000 00000001 
              0000001E 
              00000002 
              00000046 
              00000003 
              000000C8 



ARM Macro Assembler    Page 4 


              00000004 
              0000002A 
              00000005 
              00000051 Ingredient_calories
                               DCD              0x01, 30, 0x02, 70, 0x03, 200, 
0x04, 42, 0x05, 81
  120 00000028 00000006 
              00000014         DCD              0x06, 20
  121 00000030         ;Ingredient_quantity 
  122 00000030 00000002 
              00000032 
              00000005 
              00000003 
              00000003 
              0000000A 
              00000001 
              00000005 
              00000004 Ingredient_quantity
                               DCD              0x02, 50, 0x05, 3, 0x03, 10, 0x
01, 5, 0x04
  123 00000054 00000008 
              00000006 
              0000001E         DCD              8, 0x06, 30
  124 00000060 06      Num_ingredients
                               DCB              6
  125 00000061         
  126 00000061                 AREA             |.text|, CODE, READONLY
  127 00000000         ; Reset Handler
  128 00000000         
  129 00000000         Reset_Handler
                               PROC
  130 00000000                 EXPORT           Reset_Handler             [WEAK
]
  131 00000000         
  132 00000000 F04F 0B00       MOV              R11, #0
  133 00000004 F81F 0004       LDRB             R0, Num_ingredients
  134 00000008         
  135 00000008 4C0C            LDR              R4, =Ingredient_calories
  136 0000000A         
  137 0000000A         Ingredients
  138 0000000A E8F4 1202       LDRD             R1, R2, [R4], #8
  139 0000000E         
  140 0000000E         ;linear search over Quatities vector
  141 0000000E 4D0C            LDR              R5, =Ingredient_quantity
  142 00000010         Quantities
  143 00000010 E8F5 6702       LDRD             R6, R7, [R5], #8
  144 00000014 428E            CMP              R6, R1
  145 00000016 D1FB            BNE              Quantities
  146 00000018         
  147 00000018 FB02 F307       MUL              R3, R2, R7
  148 0000001C 449B            ADD              R11, R11, R3
  149 0000001E 1E40            SUBS             R0, R0, #1
  150 00000020 D1F3            BNE              Ingredients
  151 00000022         
  152 00000022 E7FE            B                .
  153 00000024                 ENDP
  154 00000024         
  155 00000024         ; Dummy Exception Handlers (infinite loops which can be 
                       modified)



ARM Macro Assembler    Page 5 


  156 00000024         
  157 00000024         NMI_Handler
                               PROC
  158 00000024                 EXPORT           NMI_Handler               [WEAK
]
  159 00000024 E7FE            B                .
  160 00000026                 ENDP
  162 00000026         HardFault_Handler
                               PROC
  163 00000026                 EXPORT           HardFault_Handler         [WEAK
]
  164 00000026         ; your code
  165 00000026 F040 0001       orr              r0,r0,#1
  166 0000002A 4700            BX               r0
  167 0000002C                 ENDP
  169 0000002C         MemManage_Handler
                               PROC
  170 0000002C                 EXPORT           MemManage_Handler         [WEAK
]
  171 0000002C E7FE            B                .
  172 0000002E                 ENDP
  174 0000002E         BusFault_Handler
                               PROC
  175 0000002E                 EXPORT           BusFault_Handler          [WEAK
]
  176 0000002E E7FE            B                .
  177 00000030                 ENDP
  179 00000030         UsageFault_Handler
                               PROC
  180 00000030                 EXPORT           UsageFault_Handler        [WEAK
]
  181 00000030 E7FE            B                .
  182 00000032                 ENDP
  183 00000032         SVC_Handler
                               PROC
  184 00000032                 EXPORT           SVC_Handler               [WEAK
]
  185 00000032 E7FE            B                .
  186 00000034                 ENDP
  188 00000034         DebugMon_Handler
                               PROC
  189 00000034                 EXPORT           DebugMon_Handler          [WEAK
]
  190 00000034 E7FE            B                .
  191 00000036                 ENDP
  192 00000036         PendSV_Handler
                               PROC
  193 00000036                 EXPORT           PendSV_Handler            [WEAK
]
  194 00000036 E7FE            B                .
  195 00000038                 ENDP
  196 00000038         SysTick_Handler
                               PROC
  197 00000038                 EXPORT           SysTick_Handler           [WEAK
]
  198 00000038 E7FE            B                .
  199 0000003A                 ENDP
  200 0000003A         
  201 0000003A         Default_Handler



ARM Macro Assembler    Page 6 


                               PROC
  202 0000003A         
  203 0000003A                 EXPORT           WDT_IRQHandler            [WEAK
]
  204 0000003A                 EXPORT           TIMER0_IRQHandler         [WEAK
]
  205 0000003A                 EXPORT           TIMER1_IRQHandler         [WEAK
]
  206 0000003A                 EXPORT           TIMER2_IRQHandler         [WEAK
]
  207 0000003A                 EXPORT           TIMER3_IRQHandler         [WEAK
]
  208 0000003A                 EXPORT           UART0_IRQHandler          [WEAK
]
  209 0000003A                 EXPORT           UART1_IRQHandler          [WEAK
]
  210 0000003A                 EXPORT           UART2_IRQHandler          [WEAK
]
  211 0000003A                 EXPORT           UART3_IRQHandler          [WEAK
]
  212 0000003A                 EXPORT           PWM1_IRQHandler           [WEAK
]
  213 0000003A                 EXPORT           I2C0_IRQHandler           [WEAK
]
  214 0000003A                 EXPORT           I2C1_IRQHandler           [WEAK
]
  215 0000003A                 EXPORT           I2C2_IRQHandler           [WEAK
]
  216 0000003A                 EXPORT           SPI_IRQHandler            [WEAK
]
  217 0000003A                 EXPORT           SSP0_IRQHandler           [WEAK
]
  218 0000003A                 EXPORT           SSP1_IRQHandler           [WEAK
]
  219 0000003A                 EXPORT           PLL0_IRQHandler           [WEAK
]
  220 0000003A                 EXPORT           RTC_IRQHandler            [WEAK
]
  221 0000003A                 EXPORT           EINT0_IRQHandler          [WEAK
]
  222 0000003A                 EXPORT           EINT1_IRQHandler          [WEAK
]
  223 0000003A                 EXPORT           EINT2_IRQHandler          [WEAK
]
  224 0000003A                 EXPORT           EINT3_IRQHandler          [WEAK
]
  225 0000003A                 EXPORT           ADC_IRQHandler            [WEAK
]
  226 0000003A                 EXPORT           BOD_IRQHandler            [WEAK
]
  227 0000003A                 EXPORT           USB_IRQHandler            [WEAK
]
  228 0000003A                 EXPORT           CAN_IRQHandler            [WEAK
]
  229 0000003A                 EXPORT           DMA_IRQHandler            [WEAK
]
  230 0000003A                 EXPORT           I2S_IRQHandler            [WEAK
]
  231 0000003A                 EXPORT           ENET_IRQHandler           [WEAK



ARM Macro Assembler    Page 7 


]
  232 0000003A                 EXPORT           RIT_IRQHandler            [WEAK
]
  233 0000003A                 EXPORT           MCPWM_IRQHandler          [WEAK
]
  234 0000003A                 EXPORT           QEI_IRQHandler            [WEAK
]
  235 0000003A                 EXPORT           PLL1_IRQHandler           [WEAK
]
  236 0000003A                 EXPORT           USBActivity_IRQHandler    [WEAK
]
  237 0000003A                 EXPORT           CANActivity_IRQHandler    [WEAK
]
  238 0000003A         
  239 0000003A         WDT_IRQHandler
  240 0000003A         TIMER0_IRQHandler
  241 0000003A         TIMER1_IRQHandler
  242 0000003A         TIMER2_IRQHandler
  243 0000003A         TIMER3_IRQHandler
  244 0000003A         UART0_IRQHandler
  245 0000003A         UART1_IRQHandler
  246 0000003A         UART2_IRQHandler
  247 0000003A         UART3_IRQHandler
  248 0000003A         PWM1_IRQHandler
  249 0000003A         I2C0_IRQHandler
  250 0000003A         I2C1_IRQHandler
  251 0000003A         I2C2_IRQHandler
  252 0000003A         SPI_IRQHandler
  253 0000003A         SSP0_IRQHandler
  254 0000003A         SSP1_IRQHandler
  255 0000003A         PLL0_IRQHandler
  256 0000003A         RTC_IRQHandler
  257 0000003A         EINT0_IRQHandler
  258 0000003A         EINT1_IRQHandler
  259 0000003A         EINT2_IRQHandler
  260 0000003A         EINT3_IRQHandler
  261 0000003A         ADC_IRQHandler
  262 0000003A         BOD_IRQHandler
  263 0000003A         USB_IRQHandler
  264 0000003A         CAN_IRQHandler
  265 0000003A         DMA_IRQHandler
  266 0000003A         I2S_IRQHandler
  267 0000003A         ENET_IRQHandler
  268 0000003A         RIT_IRQHandler
  269 0000003A         MCPWM_IRQHandler
  270 0000003A         QEI_IRQHandler
  271 0000003A         PLL1_IRQHandler
  272 0000003A         USBActivity_IRQHandler
  273 0000003A         CANActivity_IRQHandler
  274 0000003A         
  275 0000003A E7FE            B                .
  276 0000003C         
  277 0000003C                 ENDP
  278 0000003C         
  279 0000003C         
  280 0000003C                 ALIGN
  281 0000003C         
  282 0000003C         
  283 0000003C         ; User Initial Stack & Heap



ARM Macro Assembler    Page 8 


  284 0000003C         
  285 0000003C                 EXPORT           __initial_sp
  286 0000003C                 EXPORT           __heap_base
  287 0000003C                 EXPORT           __heap_limit
  288 0000003C         
  289 0000003C                 END
              00000000 
              00000000 
Command Line: --debug --xref --diag_suppress=9931 --cpu=Cortex-M3 --apcs=interw
ork --depend=.\startup.d -o.\startup.o -I.\RTE\_Target_1 -I"C:\users\Gianluca G
raziadei\AppData\Local\Arm\Packs\ARM\CMSIS\5.8.0\CMSIS\Core\Include" -I"C:\user
s\Gianluca Graziadei\AppData\Local\Arm\Packs\Keil\LPC1700_DFP\2.7.1\Device\Incl
ude" --predefine="__EVAL SETA 1" --predefine="__UVISION_VERSION SETA 537" --pre
define="_RTE_ SETA 1" --predefine="LPC175x_6x SETA 1" --predefine="_RTE_ SETA 1
" --list=.\startup.lst startup.s



ARM Macro Assembler    Page 1 Alphabetic symbol ordering
Relocatable symbols

STACK 00000000

Symbol: STACK
   Definitions
      At line 33 in file startup.s
   Uses
      None
Comment: STACK unused
Stack_Mem 00000000

Symbol: Stack_Mem
   Definitions
      At line 34 in file startup.s
   Uses
      None
Comment: Stack_Mem unused
__initial_sp 00000200

Symbol: __initial_sp
   Definitions
      At line 35 in file startup.s
   Uses
      At line 58 in file startup.s
      At line 285 in file startup.s

3 symbols



ARM Macro Assembler    Page 1 Alphabetic symbol ordering
Relocatable symbols

HEAP 00000000

Symbol: HEAP
   Definitions
      At line 44 in file startup.s
   Uses
      None
Comment: HEAP unused
Heap_Mem 00000000

Symbol: Heap_Mem
   Definitions
      At line 46 in file startup.s
   Uses
      None
Comment: Heap_Mem unused
__heap_base 00000000

Symbol: __heap_base
   Definitions
      At line 45 in file startup.s
   Uses
      At line 286 in file startup.s
Comment: __heap_base used once
__heap_limit 00000200

Symbol: __heap_limit
   Definitions
      At line 47 in file startup.s
   Uses
      At line 287 in file startup.s
Comment: __heap_limit used once
4 symbols



ARM Macro Assembler    Page 1 Alphabetic symbol ordering
Relocatable symbols

RESET 00000000

Symbol: RESET
   Definitions
      At line 55 in file startup.s
   Uses
      None
Comment: RESET unused
__Vectors 00000000

Symbol: __Vectors
   Definitions
      At line 58 in file startup.s
   Uses
      At line 56 in file startup.s
Comment: __Vectors used once
2 symbols



ARM Macro Assembler    Page 1 Alphabetic symbol ordering
Relocatable symbols

.ARM.__at_0x02FC 00000000

Symbol: .ARM.__at_0x02FC
   Definitions
      At line 113 in file startup.s
   Uses
      None
Comment: .ARM.__at_0x02FC unused
CRP_Key 00000000

Symbol: CRP_Key
   Definitions
      At line 114 in file startup.s
   Uses
      None
Comment: CRP_Key unused
2 symbols



ARM Macro Assembler    Page 1 Alphabetic symbol ordering
Relocatable symbols

Ingredient_calories 00000000

Symbol: Ingredient_calories
   Definitions
      At line 119 in file startup.s
   Uses
      At line 135 in file startup.s
Comment: Ingredient_calories used once
Ingredient_quantity 00000030

Symbol: Ingredient_quantity
   Definitions
      At line 122 in file startup.s
   Uses
      At line 141 in file startup.s
Comment: Ingredient_quantity used once
Num_ingredients 00000060

Symbol: Num_ingredients
   Definitions
      At line 124 in file startup.s
   Uses
      At line 133 in file startup.s
Comment: Num_ingredients used once
inputData 00000000

Symbol: inputData
   Definitions
      At line 117 in file startup.s
   Uses
      None
Comment: inputData unused
4 symbols



ARM Macro Assembler    Page 1 Alphabetic symbol ordering
Relocatable symbols

.text 00000000

Symbol: .text
   Definitions
      At line 126 in file startup.s
   Uses
      None
Comment: .text unused
ADC_IRQHandler 0000003A

Symbol: ADC_IRQHandler
   Definitions
      At line 261 in file startup.s
   Uses
      At line 98 in file startup.s
      At line 225 in file startup.s

BOD_IRQHandler 0000003A

Symbol: BOD_IRQHandler
   Definitions
      At line 262 in file startup.s
   Uses
      At line 99 in file startup.s
      At line 226 in file startup.s

BusFault_Handler 0000002E

Symbol: BusFault_Handler
   Definitions
      At line 174 in file startup.s
   Uses
      At line 63 in file startup.s
      At line 175 in file startup.s

CANActivity_IRQHandler 0000003A

Symbol: CANActivity_IRQHandler
   Definitions
      At line 273 in file startup.s
   Uses
      At line 110 in file startup.s
      At line 237 in file startup.s

CAN_IRQHandler 0000003A

Symbol: CAN_IRQHandler
   Definitions
      At line 264 in file startup.s
   Uses
      At line 101 in file startup.s
      At line 228 in file startup.s

DMA_IRQHandler 0000003A

Symbol: DMA_IRQHandler
   Definitions
      At line 265 in file startup.s
   Uses



ARM Macro Assembler    Page 2 Alphabetic symbol ordering
Relocatable symbols

      At line 102 in file startup.s
      At line 229 in file startup.s

DebugMon_Handler 00000034

Symbol: DebugMon_Handler
   Definitions
      At line 188 in file startup.s
   Uses
      At line 70 in file startup.s
      At line 189 in file startup.s

Default_Handler 0000003A

Symbol: Default_Handler
   Definitions
      At line 201 in file startup.s
   Uses
      None
Comment: Default_Handler unused
EINT0_IRQHandler 0000003A

Symbol: EINT0_IRQHandler
   Definitions
      At line 257 in file startup.s
   Uses
      At line 94 in file startup.s
      At line 221 in file startup.s

EINT1_IRQHandler 0000003A

Symbol: EINT1_IRQHandler
   Definitions
      At line 258 in file startup.s
   Uses
      At line 95 in file startup.s
      At line 222 in file startup.s

EINT2_IRQHandler 0000003A

Symbol: EINT2_IRQHandler
   Definitions
      At line 259 in file startup.s
   Uses
      At line 96 in file startup.s
      At line 223 in file startup.s

EINT3_IRQHandler 0000003A

Symbol: EINT3_IRQHandler
   Definitions
      At line 260 in file startup.s
   Uses
      At line 97 in file startup.s
      At line 224 in file startup.s

ENET_IRQHandler 0000003A

Symbol: ENET_IRQHandler



ARM Macro Assembler    Page 3 Alphabetic symbol ordering
Relocatable symbols

   Definitions
      At line 267 in file startup.s
   Uses
      At line 104 in file startup.s
      At line 231 in file startup.s

HardFault_Handler 00000026

Symbol: HardFault_Handler
   Definitions
      At line 162 in file startup.s
   Uses
      At line 61 in file startup.s
      At line 163 in file startup.s

I2C0_IRQHandler 0000003A

Symbol: I2C0_IRQHandler
   Definitions
      At line 249 in file startup.s
   Uses
      At line 86 in file startup.s
      At line 213 in file startup.s

I2C1_IRQHandler 0000003A

Symbol: I2C1_IRQHandler
   Definitions
      At line 250 in file startup.s
   Uses
      At line 87 in file startup.s
      At line 214 in file startup.s

I2C2_IRQHandler 0000003A

Symbol: I2C2_IRQHandler
   Definitions
      At line 251 in file startup.s
   Uses
      At line 88 in file startup.s
      At line 215 in file startup.s

I2S_IRQHandler 0000003A

Symbol: I2S_IRQHandler
   Definitions
      At line 266 in file startup.s
   Uses
      At line 103 in file startup.s
      At line 230 in file startup.s

Ingredients 0000000A

Symbol: Ingredients
   Definitions
      At line 137 in file startup.s
   Uses
      At line 150 in file startup.s
Comment: Ingredients used once



ARM Macro Assembler    Page 4 Alphabetic symbol ordering
Relocatable symbols

MCPWM_IRQHandler 0000003A

Symbol: MCPWM_IRQHandler
   Definitions
      At line 269 in file startup.s
   Uses
      At line 106 in file startup.s
      At line 233 in file startup.s

MemManage_Handler 0000002C

Symbol: MemManage_Handler
   Definitions
      At line 169 in file startup.s
   Uses
      At line 62 in file startup.s
      At line 170 in file startup.s

NMI_Handler 00000024

Symbol: NMI_Handler
   Definitions
      At line 157 in file startup.s
   Uses
      At line 60 in file startup.s
      At line 158 in file startup.s

PLL0_IRQHandler 0000003A

Symbol: PLL0_IRQHandler
   Definitions
      At line 255 in file startup.s
   Uses
      At line 92 in file startup.s
      At line 219 in file startup.s

PLL1_IRQHandler 0000003A

Symbol: PLL1_IRQHandler
   Definitions
      At line 271 in file startup.s
   Uses
      At line 108 in file startup.s
      At line 235 in file startup.s

PWM1_IRQHandler 0000003A

Symbol: PWM1_IRQHandler
   Definitions
      At line 248 in file startup.s
   Uses
      At line 85 in file startup.s
      At line 212 in file startup.s

PendSV_Handler 00000036

Symbol: PendSV_Handler
   Definitions
      At line 192 in file startup.s



ARM Macro Assembler    Page 5 Alphabetic symbol ordering
Relocatable symbols

   Uses
      At line 72 in file startup.s
      At line 193 in file startup.s

QEI_IRQHandler 0000003A

Symbol: QEI_IRQHandler
   Definitions
      At line 270 in file startup.s
   Uses
      At line 107 in file startup.s
      At line 234 in file startup.s

Quantities 00000010

Symbol: Quantities
   Definitions
      At line 142 in file startup.s
   Uses
      At line 145 in file startup.s
Comment: Quantities used once
RIT_IRQHandler 0000003A

Symbol: RIT_IRQHandler
   Definitions
      At line 268 in file startup.s
   Uses
      At line 105 in file startup.s
      At line 232 in file startup.s

RTC_IRQHandler 0000003A

Symbol: RTC_IRQHandler
   Definitions
      At line 256 in file startup.s
   Uses
      At line 93 in file startup.s
      At line 220 in file startup.s

Reset_Handler 00000000

Symbol: Reset_Handler
   Definitions
      At line 129 in file startup.s
   Uses
      At line 59 in file startup.s
      At line 130 in file startup.s

SPI_IRQHandler 0000003A

Symbol: SPI_IRQHandler
   Definitions
      At line 252 in file startup.s
   Uses
      At line 89 in file startup.s
      At line 216 in file startup.s

SSP0_IRQHandler 0000003A




ARM Macro Assembler    Page 6 Alphabetic symbol ordering
Relocatable symbols

Symbol: SSP0_IRQHandler
   Definitions
      At line 253 in file startup.s
   Uses
      At line 90 in file startup.s
      At line 217 in file startup.s

SSP1_IRQHandler 0000003A

Symbol: SSP1_IRQHandler
   Definitions
      At line 254 in file startup.s
   Uses
      At line 91 in file startup.s
      At line 218 in file startup.s

SVC_Handler 00000032

Symbol: SVC_Handler
   Definitions
      At line 183 in file startup.s
   Uses
      At line 69 in file startup.s
      At line 184 in file startup.s

SysTick_Handler 00000038

Symbol: SysTick_Handler
   Definitions
      At line 196 in file startup.s
   Uses
      At line 73 in file startup.s
      At line 197 in file startup.s

TIMER0_IRQHandler 0000003A

Symbol: TIMER0_IRQHandler
   Definitions
      At line 240 in file startup.s
   Uses
      At line 77 in file startup.s
      At line 204 in file startup.s

TIMER1_IRQHandler 0000003A

Symbol: TIMER1_IRQHandler
   Definitions
      At line 241 in file startup.s
   Uses
      At line 78 in file startup.s
      At line 205 in file startup.s

TIMER2_IRQHandler 0000003A

Symbol: TIMER2_IRQHandler
   Definitions
      At line 242 in file startup.s
   Uses
      At line 79 in file startup.s



ARM Macro Assembler    Page 7 Alphabetic symbol ordering
Relocatable symbols

      At line 206 in file startup.s

TIMER3_IRQHandler 0000003A

Symbol: TIMER3_IRQHandler
   Definitions
      At line 243 in file startup.s
   Uses
      At line 80 in file startup.s
      At line 207 in file startup.s

UART0_IRQHandler 0000003A

Symbol: UART0_IRQHandler
   Definitions
      At line 244 in file startup.s
   Uses
      At line 81 in file startup.s
      At line 208 in file startup.s

UART1_IRQHandler 0000003A

Symbol: UART1_IRQHandler
   Definitions
      At line 245 in file startup.s
   Uses
      At line 82 in file startup.s
      At line 209 in file startup.s

UART2_IRQHandler 0000003A

Symbol: UART2_IRQHandler
   Definitions
      At line 246 in file startup.s
   Uses
      At line 83 in file startup.s
      At line 210 in file startup.s

UART3_IRQHandler 0000003A

Symbol: UART3_IRQHandler
   Definitions
      At line 247 in file startup.s
   Uses
      At line 84 in file startup.s
      At line 211 in file startup.s

USBActivity_IRQHandler 0000003A

Symbol: USBActivity_IRQHandler
   Definitions
      At line 272 in file startup.s
   Uses
      At line 109 in file startup.s
      At line 236 in file startup.s

USB_IRQHandler 0000003A

Symbol: USB_IRQHandler



ARM Macro Assembler    Page 8 Alphabetic symbol ordering
Relocatable symbols

   Definitions
      At line 263 in file startup.s
   Uses
      At line 100 in file startup.s
      At line 227 in file startup.s

UsageFault_Handler 00000030

Symbol: UsageFault_Handler
   Definitions
      At line 179 in file startup.s
   Uses
      At line 64 in file startup.s
      At line 180 in file startup.s

WDT_IRQHandler 0000003A

Symbol: WDT_IRQHandler
   Definitions
      At line 239 in file startup.s
   Uses
      At line 76 in file startup.s
      At line 203 in file startup.s

49 symbols



ARM Macro Assembler    Page 1 Alphabetic symbol ordering
Absolute symbols

Heap_Size 00000200

Symbol: Heap_Size
   Definitions
      At line 42 in file startup.s
   Uses
      At line 46 in file startup.s
Comment: Heap_Size used once
Stack_Size 00000200

Symbol: Stack_Size
   Definitions
      At line 31 in file startup.s
   Uses
      At line 34 in file startup.s
Comment: Stack_Size used once
2 symbols
404 symbols in table
