


ARM Macro Assembler    Page 1 


    1 00000000                 AREA             translate_ascii_map, DATA, READ
ONLY, ALIGN=1
    2 00000000         
    3 00000000         ascii_map
    4 00000000 41 42 43 
              44 45 46 
              47 48 49         DCB              'A','B','C','D','E','F','G','H'
,'I'
    5 00000009 4A 4B 4C 
              4D 4E 4F 
              50 51 52         DCB              'J','K','L','M','N','O','P','Q'
,'R'
    6 00000012 53 54 55 
              56 57 58 
              59 5A            DCB              'S','T','U','V','W','X','Y','Z'
    7 0000001A 31 32 33 
              34 35 36 
              37 38 39 
              30               DCB              '1','2','3','4','5','6','7','8'
,'9','0'
    8 00000024         
    9 00000024         
   10 00000024         morse_map
   11 00000024 02 FD           DCB              2, 2_11111101 ;0,1     ;A
   12 00000026 04 F8           DCB              4, 2_11111000 ;1,0,0,0 ;B
   13 00000028 04 FA           DCB              4, 2_11111010 ;1,0,1,0 ;c
   14 0000002A 03 FC           DCB              3, 2_11111100 ;1,0,0   ;D
   15 0000002C 01 FE           DCB              1, 2_11111110 ;0    ;E
   16 0000002E 04 F2           DCB              4, 2_11110010 ;0,0,1,0 ;F
   17 00000030 03 FE           DCB              3, 2_11111110 ;1,1,0 ;G
   18 00000032 04 F0           DCB              4, 2_11110000 ;0,0,0,0 ;H
   19 00000034 02 FC           DCB              2, 2_11111100 ;0,0   ;I
   20 00000036 04 F7           DCB              4, 2_11110111 ;0,1,1,1 ;J
   21 00000038 03 FD           DCB              3, 2_11111101 ;1,0,1   ;K
   22 0000003A 04 F4           DCB              4, 2_11110100 ;0,1,0,0 ;L
   23 0000003C 02 FF           DCB              2, 2_11111111 ;1,1   ;M
   24 0000003E 02 FE           DCB              2, 2_11111110 ;1,0     ;N
   25 00000040 03 FF           DCB              3, 2_11111111 ;1,1,1   ;O
   26 00000042 04 F6           DCB              4, 2_11110110 ;0,1,1,0 ;P
   27 00000044 04 FD           DCB              4, 2_11111101 ;1,1,0,1 ;Q
   28 00000046 03 FA           DCB              3, 2_11111010 ;0,1,0   ;R
   29 00000048 03 F8           DCB              3, 2_11111000 ;0,0,0   ;S
   30 0000004A 01 FF           DCB              1, 2_11111111 ;1    ;T
   31 0000004C 03 F9           DCB              3, 2_11111001 ;0,0,1   ;U
   32 0000004E 04 F1           DCB              4, 2_11110001 ;0,0,0,1 ;V
   33 00000050 03 FB           DCB              3, 2_11111011 ;0,1,1   ;W
   34 00000052 04 F9           DCB              4, 2_11111001 ;1,0,0,1 ;X
   35 00000054 04 FB           DCB              4, 2_11111011 ;1,0,1,1 ;Y
   36 00000056 04 FC           DCB              4, 2_11111100 ;1,1,0,0 ;Z
   37 00000058         
   38 00000058 05 EF           DCB              5, 2_11101111 ;0,1,1,1,1 ;1
   39 0000005A 05 E7           DCB              5, 2_11100111 ;0,0,1,1,1 ;2
   40 0000005C 05 E3           DCB              5, 2_11100011 ;0,0,0,1,1 ;3
   41 0000005E 05 E1           DCB              5, 2_11100001 ;0,0,0,0,1 ;4
   42 00000060 05 E0           DCB              5, 2_11100000 ;0,0,0,0,0 ;5
   43 00000062 05 F0           DCB              5, 2_11110000 ;1,0,0,0,0 ;6
   44 00000064 05 F8           DCB              5, 2_11111000 ;1,1,0,0,0 ;7
   45 00000066 05 FC           DCB              5, 2_11111100 ;1,1,1,0,0 ;8
   46 00000068 05 FE           DCB              5, 2_11111110 ;1,1,1,1,0 ;9



ARM Macro Assembler    Page 2 


   47 0000006A 05 FF           DCB              5, 2_11111111 ;1,1,1,1,1 ;0
   48 0000006C         
   49 0000006C                 EXPORT           ascii_map
   50 0000006C                 EXPORT           morse_map
   51 0000006C         
   52 0000006C                 END
Command Line: --debug --xref --diag_suppress=9931 --cpu=Cortex-M3 --apcs=interw
ork --depend=.\translate_morse_data.d -o.\translate_morse_data.o -I.\RTE\_Targe
t_1 -I"C:\Users\Gianluca Graziadei\AppData\Local\Arm\Packs\ARM\CMSIS\5.8.0\CMSI
S\Core\Include" -I"C:\Users\Gianluca Graziadei\AppData\Local\Arm\Packs\Keil\LPC
1700_DFP\2.7.1\Device\Include" --predefine="__EVAL SETA 1" --predefine="__UVISI
ON_VERSION SETA 536" --predefine="_RTE_ SETA 1" --predefine="LPC175x_6x SETA 1"
 --predefine="_RTE_ SETA 1" --list=.\translate_morse_data.lst translate_morse_d
ata.s



ARM Macro Assembler    Page 1 Alphabetic symbol ordering
Relocatable symbols

ascii_map 00000000

Symbol: ascii_map
   Definitions
      At line 3 in file translate_morse_data.s
   Uses
      At line 49 in file translate_morse_data.s
Comment: ascii_map used once
morse_map 00000024

Symbol: morse_map
   Definitions
      At line 10 in file translate_morse_data.s
   Uses
      At line 50 in file translate_morse_data.s
Comment: morse_map used once
translate_ascii_map 00000000

Symbol: translate_ascii_map
   Definitions
      At line 1 in file translate_morse_data.s
   Uses
      None
Comment: translate_ascii_map unused
3 symbols
337 symbols in table
